  test.c
C:\Users\86176\source\repos\contact\test.c(29,15): warning C4013: “Addcontact”未定义；假设外部返回 int
test.obj : error LNK2019: 无法解析的外部符号 _Addcontact，函数 _main 中引用了该符号
C:\Users\86176\source\repos\contact\Debug\contact.exe : fatal error LNK1120: 1 个无法解析的外部命令
